<?xml version="1.0" encoding="UTF-8"?>
<!-- Generated by org.testng.reporters.JUnitXMLReporter -->
<testsuite ignored="0" hostname="DESKTOP-R5G2DOL" failures="1" tests="6" name="Test" time="12.743" errors="0" timestamp="2022-11-19T19:47:23 IST">
  <testcase classname="com.testng.annotations.RetryAnalyser_Runner" name="url_Title" time="3.676">
    <skipped/>
  </testcase> <!-- url_Title -->
  <testcase classname="com.testng.annotations.RetryAnalyser_Runner" name="url_Title" time="1.575">
    <skipped/>
  </testcase> <!-- url_Title -->
  <testcase classname="com.testng.annotations.RetryAnalyser_Runner" name="url_Title" time="1.154">
    <skipped/>
  </testcase> <!-- url_Title -->
  <testcase classname="com.testng.annotations.RetryAnalyser_Runner" name="url_Title" time="1.274">
    <skipped/>
  </testcase> <!-- url_Title -->
  <testcase classname="com.testng.annotations.RetryAnalyser_Runner" name="url_Title" time="1.91">
    <failure type="java.lang.AssertionError" message="expected [Reddit] but found [Facebook – log in or sign up]">
      <![CDATA[java.lang.AssertionError: expected [Reddit] but found [Facebook – log in or sign up]
at com.testng.annotations.RetryAnalyser_Runner.url_Title(RetryAnalyser_Runner.java:26)
at java.base/java.util.ArrayList.forEach(ArrayList.java:1511)
... Removed 29 stack frames]]>
    </failure>
  </testcase> <!-- url_Title -->
  <testcase classname="com.testng.annotations.RetryAnalyser_Runner" name="text" time="2.314"/>
</testsuite> <!-- Test -->
