<?xml version="1.0" encoding="UTF-8"?>
<testng-results ignored="1" total="10" passed="9" failed="0" skipped="0">
  <reporter-output>
  </reporter-output>
  <suite started-at="2022-11-19T21:35:43 IST" name="Default suite" finished-at="2022-11-19T21:38:00 IST" duration-ms="137360">
    <groups>
    </groups>
    <test started-at="2022-11-19T21:35:43 IST" name="Default test" finished-at="2022-11-19T21:38:00 IST" duration-ms="137360">
      <class name="org.testng.proj.Adactin_With_BaseClass">
        <test-method is-config="true" signature="browser()[pri:0, instance:org.testng.proj.Adactin_With_BaseClass@630d1b2f]" started-at="2022-11-19T21:35:43 IST" name="browser" finished-at="2022-11-19T21:35:56 IST" duration-ms="12614" status="PASS">
          <reporter-output>
          </reporter-output>
        </test-method> <!-- browser -->
        <test-method signature="refresh()[pri:0, instance:org.testng.proj.Adactin_With_BaseClass@630d1b2f]" started-at="2022-11-19T21:35:56 IST" name="refresh" finished-at="2022-11-19T21:35:56 IST" duration-ms="38" status="PASS">
          <reporter-output>
          </reporter-output>
        </test-method> <!-- refresh -->
        <test-method signature="refresh()[pri:0, instance:org.testng.proj.Adactin_With_BaseClass@630d1b2f]" started-at="2022-11-19T21:35:56 IST" name="refresh" finished-at="2022-11-19T21:35:56 IST" duration-ms="15" status="PASS">
          <reporter-output>
          </reporter-output>
        </test-method> <!-- refresh -->
        <test-method signature="Hard_Assert()[pri:1, instance:org.testng.proj.Adactin_With_BaseClass@630d1b2f]" started-at="2022-11-19T21:35:56 IST" name="Hard_Assert" finished-at="2022-11-19T21:35:56 IST" duration-ms="64" status="PASS">
          <reporter-output>
          </reporter-output>
        </test-method> <!-- Hard_Assert -->
        <test-method signature="soft_Assert()[pri:2, instance:org.testng.proj.Adactin_With_BaseClass@630d1b2f]" started-at="2022-11-19T21:35:56 IST" name="soft_Assert" finished-at="2022-11-19T21:36:52 IST" duration-ms="55774" status="PASS">
          <reporter-output>
          </reporter-output>
        </test-method> <!-- soft_Assert -->
        <test-method signature="login_Page()[pri:3, instance:org.testng.proj.Adactin_With_BaseClass@630d1b2f]" started-at="2022-11-19T21:36:52 IST" name="login_Page" finished-at="2022-11-19T21:37:02 IST" duration-ms="10309" status="PASS">
          <reporter-output>
          </reporter-output>
        </test-method> <!-- login_Page -->
        <test-method signature="hotel_Details()[pri:4, instance:org.testng.proj.Adactin_With_BaseClass@630d1b2f]" started-at="2022-11-19T21:37:02 IST" name="hotel_Details" finished-at="2022-11-19T21:37:11 IST" depends-on-methods="org.testng.proj.Adactin_With_BaseClass.login_Page" duration-ms="9041" status="PASS">
          <reporter-output>
          </reporter-output>
        </test-method> <!-- hotel_Details -->
        <test-method signature="select_Hotel()[pri:5, instance:org.testng.proj.Adactin_With_BaseClass@630d1b2f]" started-at="2022-11-19T21:37:11 IST" name="select_Hotel" finished-at="2022-11-19T21:37:14 IST" duration-ms="3258" status="PASS">
          <reporter-output>
          </reporter-output>
        </test-method> <!-- select_Hotel -->
        <test-method signature="personal_Details()[pri:6, instance:org.testng.proj.Adactin_With_BaseClass@630d1b2f]" started-at="2022-11-19T21:37:14 IST" name="personal_Details" finished-at="2022-11-19T21:37:24 IST" duration-ms="10050" status="PASS">
          <reporter-output>
          </reporter-output>
        </test-method> <!-- personal_Details -->
        <test-method signature="my_Booking()[pri:7, instance:org.testng.proj.Adactin_With_BaseClass@630d1b2f]" started-at="2022-11-19T21:37:24 IST" name="my_Booking" description="My Booking details is displayed" finished-at="2022-11-19T21:37:59 IST" duration-ms="34196" status="PASS">
          <reporter-output>
          </reporter-output>
        </test-method> <!-- my_Booking -->
        <test-method is-config="true" signature="logout()[pri:0, instance:org.testng.proj.Adactin_With_BaseClass@630d1b2f]" started-at="2022-11-19T21:37:59 IST" name="logout" finished-at="2022-11-19T21:38:00 IST" duration-ms="1391" status="PASS">
          <reporter-output>
          </reporter-output>
        </test-method> <!-- logout -->
      </class> <!-- org.testng.proj.Adactin_With_BaseClass -->
    </test> <!-- Default test -->
  </suite> <!-- Default suite -->
</testng-results>
