<?xml version="1.0" encoding="UTF-8"?>
<!-- Generated by org.testng.reporters.JUnitXMLReporter -->
<testsuite ignored="1" hostname="DESKTOP-R5G2DOL" failures="0" tests="9" name="Default test" time="137.36" errors="0" timestamp="2022-11-19T21:38:00 IST">
  <testcase classname="org.testng.proj.Adactin_With_BaseClass" name="refresh" time="0.038"/>
  <testcase classname="org.testng.proj.Adactin_With_BaseClass" name="refresh" time="0.015"/>
  <testcase classname="org.testng.proj.Adactin_With_BaseClass" name="Hard_Assert" time="0.064"/>
  <testcase classname="org.testng.proj.Adactin_With_BaseClass" name="soft_Assert" time="55.774"/>
  <testcase classname="org.testng.proj.Adactin_With_BaseClass" name="login_Page" time="10.309"/>
  <testcase classname="org.testng.proj.Adactin_With_BaseClass" name="hotel_Details" time="9.041"/>
  <testcase classname="org.testng.proj.Adactin_With_BaseClass" name="select_Hotel" time="3.258"/>
  <testcase classname="org.testng.proj.Adactin_With_BaseClass" name="personal_Details" time="10.05"/>
  <testcase classname="org.testng.proj.Adactin_With_BaseClass" name="my_Booking" time="34.196"/>
  <testcase classname="org.testng.proj.Adactin_With_BaseClass" name="screenshot" time="0.0">
    <ignored/>
  </testcase> <!-- screenshot -->
</testsuite> <!-- Default test -->
