<?xml version="1.0" encoding="UTF-8"?>
<testng-results ignored="0" total="2" passed="2" failed="0" skipped="0">
  <reporter-output>
  </reporter-output>
  <suite started-at="2022-11-17T12:14:07 IST" name="Suite" finished-at="2022-11-17T12:14:23 IST" duration-ms="15381">
    <groups>
    </groups>
    <test started-at="2022-11-17T12:14:07 IST" name="Test" finished-at="2022-11-17T12:14:23 IST" duration-ms="15381">
      <class name="com.testng.annotations.Parameter_Annotation_SingleData">
        <test-method signature="browser(java.lang.String)[pri:0, instance:com.testng.annotations.Parameter_Annotation_SingleData@1286528d]" started-at="2022-11-17T12:14:07 IST" name="browser" finished-at="2022-11-17T12:14:21 IST" duration-ms="13937" status="PASS">
          <params>
            <param index="0">
              <value>
                <![CDATA[https://www.facebook.com/]]>
              </value>
            </param>
          </params>
          <reporter-output>
          </reporter-output>
        </test-method> <!-- browser -->
        <test-method signature="credentials(java.lang.String,java.lang.String)[pri:0, instance:com.testng.annotations.Parameter_Annotation_SingleData@1286528d]" started-at="2022-11-17T12:14:21 IST" name="credentials" finished-at="2022-11-17T12:14:23 IST" duration-ms="1224" status="PASS">
          <params>
            <param index="0">
              <value>
                <![CDATA[ywa@gmail.com]]>
              </value>
            </param>
            <param index="1">
              <value>
                <![CDATA[123456]]>
              </value>
            </param>
          </params>
          <reporter-output>
          </reporter-output>
        </test-method> <!-- credentials -->
      </class> <!-- com.testng.annotations.Parameter_Annotation_SingleData -->
    </test> <!-- Test -->
  </suite> <!-- Suite -->
</testng-results>
